mode: set
github.com/yboaron/cluster-hosted-operator/controllers/config_controller.go:52.77,58.16 5 0
github.com/yboaron/cluster-hosted-operator/controllers/config_controller.go:63.2,66.16 3 0
github.com/yboaron/cluster-hosted-operator/controllers/config_controller.go:71.2,71.27 1 0
github.com/yboaron/cluster-hosted-operator/controllers/config_controller.go:58.16,61.3 1 0
github.com/yboaron/cluster-hosted-operator/controllers/config_controller.go:66.16,69.3 2 0
github.com/yboaron/cluster-hosted-operator/controllers/config_controller.go:74.69,78.2 1 0
github.com/yboaron/cluster-hosted-operator/controllers/config_controller.go:80.88,81.44 1 0
github.com/yboaron/cluster-hosted-operator/controllers/config_controller.go:95.2,95.12 1 0
github.com/yboaron/cluster-hosted-operator/controllers/config_controller.go:81.44,92.3 7 0
github.com/yboaron/cluster-hosted-operator/controllers/config_controller.go:92.9,94.3 0 0
github.com/yboaron/cluster-hosted-operator/controllers/config_controller.go:98.135,105.16 5 0
github.com/yboaron/cluster-hosted-operator/controllers/config_controller.go:110.2,110.20 1 0
github.com/yboaron/cluster-hosted-operator/controllers/config_controller.go:114.2,114.27 1 0
github.com/yboaron/cluster-hosted-operator/controllers/config_controller.go:128.2,128.12 1 0
github.com/yboaron/cluster-hosted-operator/controllers/config_controller.go:105.16,107.3 1 0
github.com/yboaron/cluster-hosted-operator/controllers/config_controller.go:110.20,112.3 1 0
github.com/yboaron/cluster-hosted-operator/controllers/config_controller.go:114.27,117.26 1 0
github.com/yboaron/cluster-hosted-operator/controllers/config_controller.go:122.3,123.17 2 0
github.com/yboaron/cluster-hosted-operator/controllers/config_controller.go:117.26,118.12 1 0
github.com/yboaron/cluster-hosted-operator/controllers/config_controller.go:123.17,125.4 1 0
