mode: set
github.com/yboaron/cluster-hosted-operator/controllers/config_controller.go:50.77,56.16 5 0
github.com/yboaron/cluster-hosted-operator/controllers/config_controller.go:61.2,64.16 3 0
github.com/yboaron/cluster-hosted-operator/controllers/config_controller.go:75.2,75.27 1 0
github.com/yboaron/cluster-hosted-operator/controllers/config_controller.go:56.16,59.3 1 0
github.com/yboaron/cluster-hosted-operator/controllers/config_controller.go:64.16,67.3 2 0
github.com/yboaron/cluster-hosted-operator/controllers/config_controller.go:78.69,82.2 1 0
github.com/yboaron/cluster-hosted-operator/controllers/config_controller.go:83.86,89.2 3 0
github.com/yboaron/cluster-hosted-operator/controllers/config_controller.go:91.135,98.16 5 0
github.com/yboaron/cluster-hosted-operator/controllers/config_controller.go:103.2,103.20 1 0
github.com/yboaron/cluster-hosted-operator/controllers/config_controller.go:107.2,107.27 1 0
github.com/yboaron/cluster-hosted-operator/controllers/config_controller.go:121.2,121.12 1 0
github.com/yboaron/cluster-hosted-operator/controllers/config_controller.go:98.16,100.3 1 0
github.com/yboaron/cluster-hosted-operator/controllers/config_controller.go:103.20,105.3 1 0
github.com/yboaron/cluster-hosted-operator/controllers/config_controller.go:107.27,110.26 1 0
github.com/yboaron/cluster-hosted-operator/controllers/config_controller.go:115.3,116.17 2 0
github.com/yboaron/cluster-hosted-operator/controllers/config_controller.go:110.26,111.12 1 0
github.com/yboaron/cluster-hosted-operator/controllers/config_controller.go:116.17,118.4 1 0
